[2026-06-25T02:49:54.979Z]
POST /api/auth/reset-password
Message: Malformed JSON in request body
Stack: Error: Malformed JSON in request body
    at <anonymous> (/Users/fajar/Nusanet/kawan-nusa-be/node_modules/hono/dist/validator/validator.js:21:21)
    at async dispatch (/Users/fajar/Nusanet/kawan-nusa-be/node_modules/hono/dist/compose.js:22:23)
    at async cors2 (/Users/fajar/Nusanet/kawan-nusa-be/node_modules/hono/dist/middleware/cors/index.js:79:11)
    at async dispatch (/Users/fajar/Nusanet/kawan-nusa-be/node_modules/hono/dist/compose.js:22:23)
    at async <anonymous> (/Users/fajar/Nusanet/kawan-nusa-be/node_modules/hono/dist/hono-base.js:301:31)
    at async request (/Users/fajar/Nusanet/kawan-nusa-be/tests/helpers/test-client.ts:26:27)
    at processTicksAndRejections (native:7:39)
---
[2026-06-25T03:02:16.208Z]
POST /api/auth/reset-password
Message: Malformed JSON in request body
Stack: Error: Malformed JSON in request body
    at <anonymous> (/Users/fajar/Nusanet/kawan-nusa-be/node_modules/hono/dist/validator/validator.js:21:21)
    at async dispatch (/Users/fajar/Nusanet/kawan-nusa-be/node_modules/hono/dist/compose.js:22:23)
    at async cors2 (/Users/fajar/Nusanet/kawan-nusa-be/node_modules/hono/dist/middleware/cors/index.js:79:11)
    at async dispatch (/Users/fajar/Nusanet/kawan-nusa-be/node_modules/hono/dist/compose.js:22:23)
    at async <anonymous> (/Users/fajar/Nusanet/kawan-nusa-be/node_modules/hono/dist/hono-base.js:301:31)
    at async request (/Users/fajar/Nusanet/kawan-nusa-be/tests/helpers/test-client.ts:26:27)
    at processTicksAndRejections (native:7:39)
---
[2026-06-25T03:25:55.018Z]
POST /api/auth/reset-password
Message: Malformed JSON in request body
Stack: Error: Malformed JSON in request body
    at <anonymous> (/Users/fajar/Nusanet/kawan-nusa-be/node_modules/hono/dist/validator/validator.js:21:21)
    at async dispatch (/Users/fajar/Nusanet/kawan-nusa-be/node_modules/hono/dist/compose.js:22:23)
    at async cors2 (/Users/fajar/Nusanet/kawan-nusa-be/node_modules/hono/dist/middleware/cors/index.js:79:11)
    at async dispatch (/Users/fajar/Nusanet/kawan-nusa-be/node_modules/hono/dist/compose.js:22:23)
    at async <anonymous> (/Users/fajar/Nusanet/kawan-nusa-be/node_modules/hono/dist/hono-base.js:301:31)
    at async request (/Users/fajar/Nusanet/kawan-nusa-be/tests/helpers/test-client.ts:26:27)
    at processTicksAndRejections (native:7:39)
---
[2026-06-25T03:53:27.109Z]
POST /api/auth/reset-password
Message: Malformed JSON in request body
Stack: Error: Malformed JSON in request body
    at <anonymous> (/Users/fajar/Nusanet/kawan-nusa-be/node_modules/hono/dist/validator/validator.js:21:21)
    at async dispatch (/Users/fajar/Nusanet/kawan-nusa-be/node_modules/hono/dist/compose.js:22:23)
    at async cors2 (/Users/fajar/Nusanet/kawan-nusa-be/node_modules/hono/dist/middleware/cors/index.js:79:11)
    at async dispatch (/Users/fajar/Nusanet/kawan-nusa-be/node_modules/hono/dist/compose.js:22:23)
    at async <anonymous> (/Users/fajar/Nusanet/kawan-nusa-be/node_modules/hono/dist/hono-base.js:301:31)
    at async request (/Users/fajar/Nusanet/kawan-nusa-be/tests/helpers/test-client.ts:26:27)
    at processTicksAndRejections (native:7:39)
---
[2026-06-25T03:56:17.464Z]
POST /api/auth/reset-password
Message: Malformed JSON in request body
Stack: Error: Malformed JSON in request body
    at <anonymous> (/Users/fajar/Nusanet/kawan-nusa-be/node_modules/hono/dist/validator/validator.js:21:21)
    at async dispatch (/Users/fajar/Nusanet/kawan-nusa-be/node_modules/hono/dist/compose.js:22:23)
    at async cors2 (/Users/fajar/Nusanet/kawan-nusa-be/node_modules/hono/dist/middleware/cors/index.js:79:11)
    at async dispatch (/Users/fajar/Nusanet/kawan-nusa-be/node_modules/hono/dist/compose.js:22:23)
    at async <anonymous> (/Users/fajar/Nusanet/kawan-nusa-be/node_modules/hono/dist/hono-base.js:301:31)
    at async request (/Users/fajar/Nusanet/kawan-nusa-be/tests/helpers/test-client.ts:26:27)
    at processTicksAndRejections (native:7:39)
---
[2026-06-25T04:09:24.539Z]
POST /api/auth/reset-password
Message: Malformed JSON in request body
Stack: Error: Malformed JSON in request body
    at <anonymous> (/Users/fajar/Nusanet/kawan-nusa-be/node_modules/hono/dist/validator/validator.js:21:21)
    at async dispatch (/Users/fajar/Nusanet/kawan-nusa-be/node_modules/hono/dist/compose.js:22:23)
    at async cors2 (/Users/fajar/Nusanet/kawan-nusa-be/node_modules/hono/dist/middleware/cors/index.js:79:11)
    at async dispatch (/Users/fajar/Nusanet/kawan-nusa-be/node_modules/hono/dist/compose.js:22:23)
    at async <anonymous> (/Users/fajar/Nusanet/kawan-nusa-be/node_modules/hono/dist/hono-base.js:301:31)
    at async request (/Users/fajar/Nusanet/kawan-nusa-be/tests/helpers/test-client.ts:26:27)
    at processTicksAndRejections (native:7:39)
---
[2026-06-25T04:12:20.991Z]
POST /api/auth/reset-password
Message: Malformed JSON in request body
Stack: Error: Malformed JSON in request body
    at <anonymous> (/Users/fajar/Nusanet/kawan-nusa-be/node_modules/hono/dist/validator/validator.js:21:21)
    at async dispatch (/Users/fajar/Nusanet/kawan-nusa-be/node_modules/hono/dist/compose.js:22:23)
    at async cors2 (/Users/fajar/Nusanet/kawan-nusa-be/node_modules/hono/dist/middleware/cors/index.js:79:11)
    at async dispatch (/Users/fajar/Nusanet/kawan-nusa-be/node_modules/hono/dist/compose.js:22:23)
    at async <anonymous> (/Users/fajar/Nusanet/kawan-nusa-be/node_modules/hono/dist/hono-base.js:301:31)
    at async request (/Users/fajar/Nusanet/kawan-nusa-be/tests/helpers/test-client.ts:26:27)
    at processTicksAndRejections (native:7:39)
---
[2026-06-25T07:38:43.313Z]
POST /api/auth/reset-password
Message: Malformed JSON in request body
Stack: Error: Malformed JSON in request body
    at <anonymous> (/Users/fajar/Nusanet/kawan-nusa-be/node_modules/hono/dist/validator/validator.js:21:21)
    at async dispatch (/Users/fajar/Nusanet/kawan-nusa-be/node_modules/hono/dist/compose.js:22:23)
    at async cors2 (/Users/fajar/Nusanet/kawan-nusa-be/node_modules/hono/dist/middleware/cors/index.js:79:11)
    at async dispatch (/Users/fajar/Nusanet/kawan-nusa-be/node_modules/hono/dist/compose.js:22:23)
    at async <anonymous> (/Users/fajar/Nusanet/kawan-nusa-be/src/core/middlewares/logger.middleware.ts:18:11)
    at async dispatch (/Users/fajar/Nusanet/kawan-nusa-be/node_modules/hono/dist/compose.js:22:23)
    at async <anonymous> (/Users/fajar/Nusanet/kawan-nusa-be/node_modules/hono/dist/hono-base.js:301:31)
    at async request (/Users/fajar/Nusanet/kawan-nusa-be/tests/helpers/test-client.ts:26:27)
    at processTicksAndRejections (native:7:39)
---
[2026-06-25T07:39:19.555Z]
POST /api/auth/reset-password
Message: Malformed JSON in request body
Stack: Error: Malformed JSON in request body
    at <anonymous> (/Users/fajar/Nusanet/kawan-nusa-be/node_modules/hono/dist/validator/validator.js:21:21)
    at async dispatch (/Users/fajar/Nusanet/kawan-nusa-be/node_modules/hono/dist/compose.js:22:23)
    at async cors2 (/Users/fajar/Nusanet/kawan-nusa-be/node_modules/hono/dist/middleware/cors/index.js:79:11)
    at async dispatch (/Users/fajar/Nusanet/kawan-nusa-be/node_modules/hono/dist/compose.js:22:23)
    at async <anonymous> (/Users/fajar/Nusanet/kawan-nusa-be/src/core/middlewares/logger.middleware.ts:18:11)
    at async dispatch (/Users/fajar/Nusanet/kawan-nusa-be/node_modules/hono/dist/compose.js:22:23)
    at async <anonymous> (/Users/fajar/Nusanet/kawan-nusa-be/node_modules/hono/dist/hono-base.js:301:31)
    at async request (/Users/fajar/Nusanet/kawan-nusa-be/tests/helpers/test-client.ts:26:27)
    at processTicksAndRejections (native:7:39)
---
[2026-06-25T07:40:28.924Z]
POST /api/auth/reset-password
Message: Malformed JSON in request body
Stack: Error: Malformed JSON in request body
    at <anonymous> (/Users/fajar/Nusanet/kawan-nusa-be/node_modules/hono/dist/validator/validator.js:21:21)
    at async dispatch (/Users/fajar/Nusanet/kawan-nusa-be/node_modules/hono/dist/compose.js:22:23)
    at async cors2 (/Users/fajar/Nusanet/kawan-nusa-be/node_modules/hono/dist/middleware/cors/index.js:79:11)
    at async dispatch (/Users/fajar/Nusanet/kawan-nusa-be/node_modules/hono/dist/compose.js:22:23)
    at async <anonymous> (/Users/fajar/Nusanet/kawan-nusa-be/src/core/middlewares/logger.middleware.ts:18:11)
    at async dispatch (/Users/fajar/Nusanet/kawan-nusa-be/node_modules/hono/dist/compose.js:22:23)
    at async <anonymous> (/Users/fajar/Nusanet/kawan-nusa-be/node_modules/hono/dist/hono-base.js:301:31)
    at async request (/Users/fajar/Nusanet/kawan-nusa-be/tests/helpers/test-client.ts:26:27)
    at processTicksAndRejections (native:7:39)
---
[2026-06-25T07:47:59.676Z]
POST /api/auth/reset-password
Message: Malformed JSON in request body
Stack: Error: Malformed JSON in request body
    at <anonymous> (/Users/fajar/Nusanet/kawan-nusa-be/node_modules/hono/dist/validator/validator.js:21:21)
    at async dispatch (/Users/fajar/Nusanet/kawan-nusa-be/node_modules/hono/dist/compose.js:22:23)
    at async cors2 (/Users/fajar/Nusanet/kawan-nusa-be/node_modules/hono/dist/middleware/cors/index.js:79:11)
    at async dispatch (/Users/fajar/Nusanet/kawan-nusa-be/node_modules/hono/dist/compose.js:22:23)
    at async <anonymous> (/Users/fajar/Nusanet/kawan-nusa-be/src/core/middlewares/logger.middleware.ts:18:11)
    at async dispatch (/Users/fajar/Nusanet/kawan-nusa-be/node_modules/hono/dist/compose.js:22:23)
    at async <anonymous> (/Users/fajar/Nusanet/kawan-nusa-be/node_modules/hono/dist/hono-base.js:301:31)
    at async request (/Users/fajar/Nusanet/kawan-nusa-be/tests/helpers/test-client.ts:26:27)
    at processTicksAndRejections (native:7:39)
---
[2026-06-25T07:48:55.627Z]
POST /api/auth/reset-password
Message: Malformed JSON in request body
Stack: Error: Malformed JSON in request body
    at <anonymous> (/Users/fajar/Nusanet/kawan-nusa-be/node_modules/hono/dist/validator/validator.js:21:21)
    at async dispatch (/Users/fajar/Nusanet/kawan-nusa-be/node_modules/hono/dist/compose.js:22:23)
    at async cors2 (/Users/fajar/Nusanet/kawan-nusa-be/node_modules/hono/dist/middleware/cors/index.js:79:11)
    at async dispatch (/Users/fajar/Nusanet/kawan-nusa-be/node_modules/hono/dist/compose.js:22:23)
    at async <anonymous> (/Users/fajar/Nusanet/kawan-nusa-be/src/core/middlewares/logger.middleware.ts:18:11)
    at async dispatch (/Users/fajar/Nusanet/kawan-nusa-be/node_modules/hono/dist/compose.js:22:23)
    at async <anonymous> (/Users/fajar/Nusanet/kawan-nusa-be/node_modules/hono/dist/hono-base.js:301:31)
    at async request (/Users/fajar/Nusanet/kawan-nusa-be/tests/helpers/test-client.ts:26:27)
    at processTicksAndRejections (native:7:39)
---
[2026-06-25T07:49:19.307Z]
POST /api/auth/reset-password
Message: Malformed JSON in request body
Stack: Error: Malformed JSON in request body
    at <anonymous> (/Users/fajar/Nusanet/kawan-nusa-be/node_modules/hono/dist/validator/validator.js:21:21)
    at async dispatch (/Users/fajar/Nusanet/kawan-nusa-be/node_modules/hono/dist/compose.js:22:23)
    at async cors2 (/Users/fajar/Nusanet/kawan-nusa-be/node_modules/hono/dist/middleware/cors/index.js:79:11)
    at async dispatch (/Users/fajar/Nusanet/kawan-nusa-be/node_modules/hono/dist/compose.js:22:23)
    at async <anonymous> (/Users/fajar/Nusanet/kawan-nusa-be/src/core/middlewares/logger.middleware.ts:18:11)
    at async dispatch (/Users/fajar/Nusanet/kawan-nusa-be/node_modules/hono/dist/compose.js:22:23)
    at async <anonymous> (/Users/fajar/Nusanet/kawan-nusa-be/node_modules/hono/dist/hono-base.js:301:31)
    at async request (/Users/fajar/Nusanet/kawan-nusa-be/tests/helpers/test-client.ts:26:27)
    at processTicksAndRejections (native:7:39)
---
[2026-06-25T09:35:59.694Z]
POST /api/auth/reset-password
Message: Malformed JSON in request body
Stack: Error: Malformed JSON in request body
    at <anonymous> (/Users/fajar/Nusanet/kawan-nusa-be/node_modules/hono/dist/validator/validator.js:21:21)
    at async dispatch (/Users/fajar/Nusanet/kawan-nusa-be/node_modules/hono/dist/compose.js:22:23)
    at async cors2 (/Users/fajar/Nusanet/kawan-nusa-be/node_modules/hono/dist/middleware/cors/index.js:79:11)
    at async dispatch (/Users/fajar/Nusanet/kawan-nusa-be/node_modules/hono/dist/compose.js:22:23)
    at async <anonymous> (/Users/fajar/Nusanet/kawan-nusa-be/src/core/middlewares/logger.middleware.ts:18:11)
    at async dispatch (/Users/fajar/Nusanet/kawan-nusa-be/node_modules/hono/dist/compose.js:22:23)
    at async <anonymous> (/Users/fajar/Nusanet/kawan-nusa-be/node_modules/hono/dist/hono-base.js:301:31)
    at async request (/Users/fajar/Nusanet/kawan-nusa-be/tests/helpers/test-client.ts:26:27)
    at processTicksAndRejections (native:7:39)
---
[2026-07-01T02:04:22.066Z]
GET /api/catalog
Message: undefined is not an object (evaluating 'column.databaseName')
Stack: TypeError: undefined is not an object (evaluating 'column.databaseName')
    at <anonymous> (/Users/fajar/Nusanet/kawan-nusa-be/node_modules/typeorm/query-builder/SelectQueryBuilder.js:2152:116)
    at map (native:1:11)
    at createOrderByCombinedWithSelectExpression (/Users/fajar/Nusanet/kawan-nusa-be/node_modules/typeorm/query-builder/SelectQueryBuilder.js:2143:14)
    at executeEntitiesAndRawResults (/Users/fajar/Nusanet/kawan-nusa-be/node_modules/typeorm/query-builder/SelectQueryBuilder.js:2003:46)
    at executeEntitiesAndRawResults (/Users/fajar/Nusanet/kawan-nusa-be/node_modules/typeorm/query-builder/SelectQueryBuilder.js:1972:40)
    at getManyAndCount (/Users/fajar/Nusanet/kawan-nusa-be/node_modules/typeorm/query-builder/SelectQueryBuilder.js:850:47)
    at getManyAndCount (/Users/fajar/Nusanet/kawan-nusa-be/node_modules/typeorm/query-builder/SelectQueryBuilder.js:837:29)
    at findAll (/Users/fajar/Nusanet/kawan-nusa-be/src/modules/catalog/repositories/catalog.repository.ts:41:80)
    at findAll (/Users/fajar/Nusanet/kawan-nusa-be/src/modules/catalog/repositories/catalog.repository.ts:14:9)
    at getAll (/Users/fajar/Nusanet/kawan-nusa-be/src/modules/catalog/catalog.service.ts:19:38)
---
[2026-07-01T02:04:22.101Z]
GET /api/catalog
Message: undefined is not an object (evaluating 'column.databaseName')
Stack: TypeError: undefined is not an object (evaluating 'column.databaseName')
    at <anonymous> (/Users/fajar/Nusanet/kawan-nusa-be/node_modules/typeorm/query-builder/SelectQueryBuilder.js:2152:116)
    at map (native:1:11)
    at createOrderByCombinedWithSelectExpression (/Users/fajar/Nusanet/kawan-nusa-be/node_modules/typeorm/query-builder/SelectQueryBuilder.js:2143:14)
    at executeEntitiesAndRawResults (/Users/fajar/Nusanet/kawan-nusa-be/node_modules/typeorm/query-builder/SelectQueryBuilder.js:2003:46)
    at executeEntitiesAndRawResults (/Users/fajar/Nusanet/kawan-nusa-be/node_modules/typeorm/query-builder/SelectQueryBuilder.js:1972:40)
    at getManyAndCount (/Users/fajar/Nusanet/kawan-nusa-be/node_modules/typeorm/query-builder/SelectQueryBuilder.js:850:47)
    at getManyAndCount (/Users/fajar/Nusanet/kawan-nusa-be/node_modules/typeorm/query-builder/SelectQueryBuilder.js:837:29)
    at findAll (/Users/fajar/Nusanet/kawan-nusa-be/src/modules/catalog/repositories/catalog.repository.ts:41:80)
    at findAll (/Users/fajar/Nusanet/kawan-nusa-be/src/modules/catalog/repositories/catalog.repository.ts:14:9)
    at getAll (/Users/fajar/Nusanet/kawan-nusa-be/src/modules/catalog/catalog.service.ts:19:38)
---
[2026-07-01T02:07:37.637Z]
GET /api/catalog
Message: undefined is not an object (evaluating 'column.databaseName')
Stack: TypeError: undefined is not an object (evaluating 'column.databaseName')
    at <anonymous> (/Users/fajar/Nusanet/kawan-nusa-be/node_modules/typeorm/query-builder/SelectQueryBuilder.js:2152:116)
    at map (native:1:11)
    at createOrderByCombinedWithSelectExpression (/Users/fajar/Nusanet/kawan-nusa-be/node_modules/typeorm/query-builder/SelectQueryBuilder.js:2143:14)
    at executeEntitiesAndRawResults (/Users/fajar/Nusanet/kawan-nusa-be/node_modules/typeorm/query-builder/SelectQueryBuilder.js:2003:46)
    at executeEntitiesAndRawResults (/Users/fajar/Nusanet/kawan-nusa-be/node_modules/typeorm/query-builder/SelectQueryBuilder.js:1972:40)
    at getManyAndCount (/Users/fajar/Nusanet/kawan-nusa-be/node_modules/typeorm/query-builder/SelectQueryBuilder.js:850:47)
    at getManyAndCount (/Users/fajar/Nusanet/kawan-nusa-be/node_modules/typeorm/query-builder/SelectQueryBuilder.js:837:29)
    at findAll (/Users/fajar/Nusanet/kawan-nusa-be/src/modules/catalog/repositories/catalog.repository.ts:41:80)
    at findAll (/Users/fajar/Nusanet/kawan-nusa-be/src/modules/catalog/repositories/catalog.repository.ts:14:9)
    at getAll (/Users/fajar/Nusanet/kawan-nusa-be/src/modules/catalog/catalog.service.ts:19:38)
---
[2026-07-01T02:07:37.652Z]
GET /api/catalog
Message: undefined is not an object (evaluating 'column.databaseName')
Stack: TypeError: undefined is not an object (evaluating 'column.databaseName')
    at <anonymous> (/Users/fajar/Nusanet/kawan-nusa-be/node_modules/typeorm/query-builder/SelectQueryBuilder.js:2152:116)
    at map (native:1:11)
    at createOrderByCombinedWithSelectExpression (/Users/fajar/Nusanet/kawan-nusa-be/node_modules/typeorm/query-builder/SelectQueryBuilder.js:2143:14)
    at executeEntitiesAndRawResults (/Users/fajar/Nusanet/kawan-nusa-be/node_modules/typeorm/query-builder/SelectQueryBuilder.js:2003:46)
    at executeEntitiesAndRawResults (/Users/fajar/Nusanet/kawan-nusa-be/node_modules/typeorm/query-builder/SelectQueryBuilder.js:1972:40)
    at getManyAndCount (/Users/fajar/Nusanet/kawan-nusa-be/node_modules/typeorm/query-builder/SelectQueryBuilder.js:850:47)
    at getManyAndCount (/Users/fajar/Nusanet/kawan-nusa-be/node_modules/typeorm/query-builder/SelectQueryBuilder.js:837:29)
    at findAll (/Users/fajar/Nusanet/kawan-nusa-be/src/modules/catalog/repositories/catalog.repository.ts:41:80)
    at findAll (/Users/fajar/Nusanet/kawan-nusa-be/src/modules/catalog/repositories/catalog.repository.ts:14:9)
    at getAll (/Users/fajar/Nusanet/kawan-nusa-be/src/modules/catalog/catalog.service.ts:19:38)
---
[2026-07-01T02:09:20.988Z]
GET /api/catalog
Message: "(catalog" alias was not found. Maybe you forgot to join it?
Stack: Error: "(catalog" alias was not found. Maybe you forgot to join it?
    at findAliasByName (/Users/fajar/Nusanet/kawan-nusa-be/node_modules/typeorm/query-builder/QueryExpressionMap.js:241:31)
    at <anonymous> (/Users/fajar/Nusanet/kawan-nusa-be/node_modules/typeorm/query-builder/SelectQueryBuilder.js:2148:50)
    at map (native:1:11)
    at createOrderByCombinedWithSelectExpression (/Users/fajar/Nusanet/kawan-nusa-be/node_modules/typeorm/query-builder/SelectQueryBuilder.js:2143:14)
    at executeEntitiesAndRawResults (/Users/fajar/Nusanet/kawan-nusa-be/node_modules/typeorm/query-builder/SelectQueryBuilder.js:2003:46)
    at executeEntitiesAndRawResults (/Users/fajar/Nusanet/kawan-nusa-be/node_modules/typeorm/query-builder/SelectQueryBuilder.js:1972:40)
    at getManyAndCount (/Users/fajar/Nusanet/kawan-nusa-be/node_modules/typeorm/query-builder/SelectQueryBuilder.js:850:47)
    at getManyAndCount (/Users/fajar/Nusanet/kawan-nusa-be/node_modules/typeorm/query-builder/SelectQueryBuilder.js:837:29)
    at findAll (/Users/fajar/Nusanet/kawan-nusa-be/src/modules/catalog/repositories/catalog.repository.ts:45:80)
    at findAll (/Users/fajar/Nusanet/kawan-nusa-be/src/modules/catalog/repositories/catalog.repository.ts:14:9)
---
[2026-07-01T02:09:26.592Z]
GET /api/catalog
Message: "(catalog" alias was not found. Maybe you forgot to join it?
Stack: Error: "(catalog" alias was not found. Maybe you forgot to join it?
    at findAliasByName (/Users/fajar/Nusanet/kawan-nusa-be/node_modules/typeorm/query-builder/QueryExpressionMap.js:241:31)
    at <anonymous> (/Users/fajar/Nusanet/kawan-nusa-be/node_modules/typeorm/query-builder/SelectQueryBuilder.js:2148:50)
    at map (native:1:11)
    at createOrderByCombinedWithSelectExpression (/Users/fajar/Nusanet/kawan-nusa-be/node_modules/typeorm/query-builder/SelectQueryBuilder.js:2143:14)
    at executeEntitiesAndRawResults (/Users/fajar/Nusanet/kawan-nusa-be/node_modules/typeorm/query-builder/SelectQueryBuilder.js:2003:46)
    at executeEntitiesAndRawResults (/Users/fajar/Nusanet/kawan-nusa-be/node_modules/typeorm/query-builder/SelectQueryBuilder.js:1972:40)
    at getManyAndCount (/Users/fajar/Nusanet/kawan-nusa-be/node_modules/typeorm/query-builder/SelectQueryBuilder.js:850:47)
    at getManyAndCount (/Users/fajar/Nusanet/kawan-nusa-be/node_modules/typeorm/query-builder/SelectQueryBuilder.js:837:29)
    at findAll (/Users/fajar/Nusanet/kawan-nusa-be/src/modules/catalog/repositories/catalog.repository.ts:45:80)
    at findAll (/Users/fajar/Nusanet/kawan-nusa-be/src/modules/catalog/repositories/catalog.repository.ts:14:9)
---
[2026-07-01T02:09:27.371Z]
GET /api/catalog
Message: "(catalog" alias was not found. Maybe you forgot to join it?
Stack: Error: "(catalog" alias was not found. Maybe you forgot to join it?
    at findAliasByName (/Users/fajar/Nusanet/kawan-nusa-be/node_modules/typeorm/query-builder/QueryExpressionMap.js:241:31)
    at <anonymous> (/Users/fajar/Nusanet/kawan-nusa-be/node_modules/typeorm/query-builder/SelectQueryBuilder.js:2148:50)
    at map (native:1:11)
    at createOrderByCombinedWithSelectExpression (/Users/fajar/Nusanet/kawan-nusa-be/node_modules/typeorm/query-builder/SelectQueryBuilder.js:2143:14)
    at executeEntitiesAndRawResults (/Users/fajar/Nusanet/kawan-nusa-be/node_modules/typeorm/query-builder/SelectQueryBuilder.js:2003:46)
    at executeEntitiesAndRawResults (/Users/fajar/Nusanet/kawan-nusa-be/node_modules/typeorm/query-builder/SelectQueryBuilder.js:1972:40)
    at getManyAndCount (/Users/fajar/Nusanet/kawan-nusa-be/node_modules/typeorm/query-builder/SelectQueryBuilder.js:850:47)
    at getManyAndCount (/Users/fajar/Nusanet/kawan-nusa-be/node_modules/typeorm/query-builder/SelectQueryBuilder.js:837:29)
    at findAll (/Users/fajar/Nusanet/kawan-nusa-be/src/modules/catalog/repositories/catalog.repository.ts:45:80)
    at findAll (/Users/fajar/Nusanet/kawan-nusa-be/src/modules/catalog/repositories/catalog.repository.ts:14:9)
---
[2026-07-01T02:09:36.948Z]
GET /api/catalog
Message: "(catalog" alias was not found. Maybe you forgot to join it?
Stack: Error: "(catalog" alias was not found. Maybe you forgot to join it?
    at findAliasByName (/Users/fajar/Nusanet/kawan-nusa-be/node_modules/typeorm/query-builder/QueryExpressionMap.js:241:31)
    at <anonymous> (/Users/fajar/Nusanet/kawan-nusa-be/node_modules/typeorm/query-builder/SelectQueryBuilder.js:2148:50)
    at map (native:1:11)
    at createOrderByCombinedWithSelectExpression (/Users/fajar/Nusanet/kawan-nusa-be/node_modules/typeorm/query-builder/SelectQueryBuilder.js:2143:14)
    at executeEntitiesAndRawResults (/Users/fajar/Nusanet/kawan-nusa-be/node_modules/typeorm/query-builder/SelectQueryBuilder.js:2003:46)
    at executeEntitiesAndRawResults (/Users/fajar/Nusanet/kawan-nusa-be/node_modules/typeorm/query-builder/SelectQueryBuilder.js:1972:40)
    at getManyAndCount (/Users/fajar/Nusanet/kawan-nusa-be/node_modules/typeorm/query-builder/SelectQueryBuilder.js:850:47)
    at getManyAndCount (/Users/fajar/Nusanet/kawan-nusa-be/node_modules/typeorm/query-builder/SelectQueryBuilder.js:837:29)
    at findAll (/Users/fajar/Nusanet/kawan-nusa-be/src/modules/catalog/repositories/catalog.repository.ts:45:80)
    at findAll (/Users/fajar/Nusanet/kawan-nusa-be/src/modules/catalog/repositories/catalog.repository.ts:14:9)
---
[2026-07-01T02:09:37.563Z]
GET /api/catalog
Message: "(catalog" alias was not found. Maybe you forgot to join it?
Stack: Error: "(catalog" alias was not found. Maybe you forgot to join it?
    at findAliasByName (/Users/fajar/Nusanet/kawan-nusa-be/node_modules/typeorm/query-builder/QueryExpressionMap.js:241:31)
    at <anonymous> (/Users/fajar/Nusanet/kawan-nusa-be/node_modules/typeorm/query-builder/SelectQueryBuilder.js:2148:50)
    at map (native:1:11)
    at createOrderByCombinedWithSelectExpression (/Users/fajar/Nusanet/kawan-nusa-be/node_modules/typeorm/query-builder/SelectQueryBuilder.js:2143:14)
    at executeEntitiesAndRawResults (/Users/fajar/Nusanet/kawan-nusa-be/node_modules/typeorm/query-builder/SelectQueryBuilder.js:2003:46)
    at executeEntitiesAndRawResults (/Users/fajar/Nusanet/kawan-nusa-be/node_modules/typeorm/query-builder/SelectQueryBuilder.js:1972:40)
    at getManyAndCount (/Users/fajar/Nusanet/kawan-nusa-be/node_modules/typeorm/query-builder/SelectQueryBuilder.js:850:47)
    at getManyAndCount (/Users/fajar/Nusanet/kawan-nusa-be/node_modules/typeorm/query-builder/SelectQueryBuilder.js:837:29)
    at findAll (/Users/fajar/Nusanet/kawan-nusa-be/src/modules/catalog/repositories/catalog.repository.ts:45:80)
    at findAll (/Users/fajar/Nusanet/kawan-nusa-be/src/modules/catalog/repositories/catalog.repository.ts:14:9)
---
[2026-07-01T08:21:53.857Z]
POST /api/auth/reset-password
Message: Malformed JSON in request body
Stack: Error: Malformed JSON in request body
    at <anonymous> (/Users/fajar/Nusanet/kawan-nusa-be/node_modules/hono/dist/validator/validator.js:21:21)
    at async dispatch (/Users/fajar/Nusanet/kawan-nusa-be/node_modules/hono/dist/compose.js:22:23)
    at async cors2 (/Users/fajar/Nusanet/kawan-nusa-be/node_modules/hono/dist/middleware/cors/index.js:79:11)
    at async dispatch (/Users/fajar/Nusanet/kawan-nusa-be/node_modules/hono/dist/compose.js:22:23)
    at async <anonymous> (/Users/fajar/Nusanet/kawan-nusa-be/src/core/middlewares/logger.middleware.ts:18:11)
    at async dispatch (/Users/fajar/Nusanet/kawan-nusa-be/node_modules/hono/dist/compose.js:22:23)
    at async <anonymous> (/Users/fajar/Nusanet/kawan-nusa-be/node_modules/hono/dist/hono-base.js:301:31)
    at async request (/Users/fajar/Nusanet/kawan-nusa-be/tests/helpers/test-client.ts:26:27)
    at processTicksAndRejections (native:7:39)
---
[2026-07-01T08:23:09.101Z]
POST /api/auth/reset-password
Message: Malformed JSON in request body
Stack: Error: Malformed JSON in request body
    at <anonymous> (/Users/fajar/Nusanet/kawan-nusa-be/node_modules/hono/dist/validator/validator.js:21:21)
    at async dispatch (/Users/fajar/Nusanet/kawan-nusa-be/node_modules/hono/dist/compose.js:22:23)
    at async cors2 (/Users/fajar/Nusanet/kawan-nusa-be/node_modules/hono/dist/middleware/cors/index.js:79:11)
    at async dispatch (/Users/fajar/Nusanet/kawan-nusa-be/node_modules/hono/dist/compose.js:22:23)
    at async <anonymous> (/Users/fajar/Nusanet/kawan-nusa-be/src/core/middlewares/logger.middleware.ts:18:11)
    at async dispatch (/Users/fajar/Nusanet/kawan-nusa-be/node_modules/hono/dist/compose.js:22:23)
    at async <anonymous> (/Users/fajar/Nusanet/kawan-nusa-be/node_modules/hono/dist/hono-base.js:301:31)
    at async request (/Users/fajar/Nusanet/kawan-nusa-be/tests/helpers/test-client.ts:26:27)
    at processTicksAndRejections (native:7:39)
---
[2026-07-01T08:29:36.857Z]
POST /api/auth/reset-password
Message: Malformed JSON in request body
Stack: Error: Malformed JSON in request body
    at <anonymous> (/Users/fajar/Nusanet/kawan-nusa-be/node_modules/hono/dist/validator/validator.js:21:21)
    at async dispatch (/Users/fajar/Nusanet/kawan-nusa-be/node_modules/hono/dist/compose.js:22:23)
    at async cors2 (/Users/fajar/Nusanet/kawan-nusa-be/node_modules/hono/dist/middleware/cors/index.js:79:11)
    at async dispatch (/Users/fajar/Nusanet/kawan-nusa-be/node_modules/hono/dist/compose.js:22:23)
    at async <anonymous> (/Users/fajar/Nusanet/kawan-nusa-be/src/core/middlewares/logger.middleware.ts:18:11)
    at async dispatch (/Users/fajar/Nusanet/kawan-nusa-be/node_modules/hono/dist/compose.js:22:23)
    at async <anonymous> (/Users/fajar/Nusanet/kawan-nusa-be/node_modules/hono/dist/hono-base.js:301:31)
    at async request (/Users/fajar/Nusanet/kawan-nusa-be/tests/helpers/test-client.ts:26:27)
    at processTicksAndRejections (native:7:39)
---
[2026-07-01T12:02:42.322Z]
POST /api/auth/reset-password
Message: Malformed JSON in request body
Stack: Error: Malformed JSON in request body
    at <anonymous> (/Users/fajar/Nusanet/kawan-nusa-be/node_modules/hono/dist/validator/validator.js:21:21)
    at async dispatch (/Users/fajar/Nusanet/kawan-nusa-be/node_modules/hono/dist/compose.js:22:23)
    at async cors2 (/Users/fajar/Nusanet/kawan-nusa-be/node_modules/hono/dist/middleware/cors/index.js:79:11)
    at async dispatch (/Users/fajar/Nusanet/kawan-nusa-be/node_modules/hono/dist/compose.js:22:23)
    at async <anonymous> (/Users/fajar/Nusanet/kawan-nusa-be/src/core/middlewares/logger.middleware.ts:18:11)
    at async dispatch (/Users/fajar/Nusanet/kawan-nusa-be/node_modules/hono/dist/compose.js:22:23)
    at async <anonymous> (/Users/fajar/Nusanet/kawan-nusa-be/node_modules/hono/dist/hono-base.js:301:31)
    at async request (/Users/fajar/Nusanet/kawan-nusa-be/tests/helpers/test-client.ts:26:27)
    at processTicksAndRejections (native:7:39)
---
[2026-07-01T13:00:17.262Z]
POST /api/auth/reset-password
Message: Malformed JSON in request body
Stack: Error: Malformed JSON in request body
    at <anonymous> (/Users/fajar/Nusanet/kawan-nusa-be/node_modules/hono/dist/validator/validator.js:21:21)
    at async dispatch (/Users/fajar/Nusanet/kawan-nusa-be/node_modules/hono/dist/compose.js:22:23)
    at async cors2 (/Users/fajar/Nusanet/kawan-nusa-be/node_modules/hono/dist/middleware/cors/index.js:79:11)
    at async dispatch (/Users/fajar/Nusanet/kawan-nusa-be/node_modules/hono/dist/compose.js:22:23)
    at async <anonymous> (/Users/fajar/Nusanet/kawan-nusa-be/src/core/middlewares/logger.middleware.ts:18:11)
    at async dispatch (/Users/fajar/Nusanet/kawan-nusa-be/node_modules/hono/dist/compose.js:22:23)
    at async <anonymous> (/Users/fajar/Nusanet/kawan-nusa-be/node_modules/hono/dist/hono-base.js:301:31)
    at async request (/Users/fajar/Nusanet/kawan-nusa-be/tests/helpers/test-client.ts:26:27)
    at processTicksAndRejections (native:7:39)
---
[2026-07-01T13:16:46.581Z]
GET /api/nis/account
Message: connect ECONNREFUSED 10.0.192.211:3306
Stack: Error: connect ECONNREFUSED 10.0.192.211:3306
    at afterConnect (node:net:1169:39)
    at connectError (node:net:366:48)
---
[2026-07-01T13:16:46.607Z]
GET /api/nis/account
Message: connect ETIMEDOUT
Stack: Error: connect ETIMEDOUT
    at _handleTimeoutError (/Users/fajar/Nusanet/kawan-nusa-be/node_modules/mysql2/lib/base/connection.js:244:21)
---
[2026-07-01T13:16:46.613Z]
GET /api/nis/account
Message: connect ETIMEDOUT
Stack: Error: connect ETIMEDOUT
    at _handleTimeoutError (/Users/fajar/Nusanet/kawan-nusa-be/node_modules/mysql2/lib/base/connection.js:244:21)
---
[2026-07-01T13:16:46.613Z]
GET /api/nis/account
Message: connect ETIMEDOUT
Stack: Error: connect ETIMEDOUT
    at _handleTimeoutError (/Users/fajar/Nusanet/kawan-nusa-be/node_modules/mysql2/lib/base/connection.js:244:21)
---
[2026-07-01T23:52:38.219Z]
POST /api/auth/refresh
Message: ECONNREFUSED
Stack: Error: ECONNREFUSED
    at <anonymous> (node:_http_client:245:24)
    at processTicksAndRejections (native:7:39)
---
[2026-07-01T23:52:38.233Z]
POST /api/auth/refresh
Message: ECONNREFUSED
Stack: Error: ECONNREFUSED
    at <anonymous> (node:_http_client:245:24)
    at processTicksAndRejections (native:7:39)
---
[2026-07-01T23:52:38.235Z]
POST /api/auth/refresh
Message: ECONNREFUSED
Stack: Error: ECONNREFUSED
    at <anonymous> (node:_http_client:245:24)
    at processTicksAndRejections (native:7:39)
---
[2026-07-01T23:52:38.235Z]
POST /api/auth/refresh
Message: ECONNREFUSED
Stack: Error: ECONNREFUSED
    at <anonymous> (node:_http_client:245:24)
    at processTicksAndRejections (native:7:39)
---
[2026-07-02T07:20:02.955Z]
POST /api/auth/reset-password
Message: Malformed JSON in request body
Stack: Error: Malformed JSON in request body
    at <anonymous> (/Users/fajar/Nusanet/kawan-nusa-be/node_modules/hono/dist/validator/validator.js:21:21)
    at async dispatch (/Users/fajar/Nusanet/kawan-nusa-be/node_modules/hono/dist/compose.js:22:23)
    at async cors2 (/Users/fajar/Nusanet/kawan-nusa-be/node_modules/hono/dist/middleware/cors/index.js:79:11)
    at async dispatch (/Users/fajar/Nusanet/kawan-nusa-be/node_modules/hono/dist/compose.js:22:23)
    at async <anonymous> (/Users/fajar/Nusanet/kawan-nusa-be/src/core/middlewares/logger.middleware.ts:18:11)
    at async dispatch (/Users/fajar/Nusanet/kawan-nusa-be/node_modules/hono/dist/compose.js:22:23)
    at async <anonymous> (/Users/fajar/Nusanet/kawan-nusa-be/node_modules/hono/dist/hono-base.js:301:31)
    at async request (/Users/fajar/Nusanet/kawan-nusa-be/tests/helpers/test-client.ts:26:27)
    at processTicksAndRejections (native:7:39)
---
[2026-07-02T07:33:45.264Z]
POST /api/auth/reset-password
Message: Malformed JSON in request body
Stack: Error: Malformed JSON in request body
    at <anonymous> (/Users/fajar/Nusanet/kawan-nusa-be/node_modules/hono/dist/validator/validator.js:21:21)
    at async dispatch (/Users/fajar/Nusanet/kawan-nusa-be/node_modules/hono/dist/compose.js:22:23)
    at async cors2 (/Users/fajar/Nusanet/kawan-nusa-be/node_modules/hono/dist/middleware/cors/index.js:79:11)
    at async dispatch (/Users/fajar/Nusanet/kawan-nusa-be/node_modules/hono/dist/compose.js:22:23)
    at async <anonymous> (/Users/fajar/Nusanet/kawan-nusa-be/src/core/middlewares/logger.middleware.ts:18:11)
    at async dispatch (/Users/fajar/Nusanet/kawan-nusa-be/node_modules/hono/dist/compose.js:22:23)
    at async <anonymous> (/Users/fajar/Nusanet/kawan-nusa-be/node_modules/hono/dist/hono-base.js:301:31)
    at async request (/Users/fajar/Nusanet/kawan-nusa-be/tests/helpers/test-client.ts:26:27)
    at processTicksAndRejections (native:7:39)
---
[2026-07-02T07:33:58.987Z]
POST /api/auth/reset-password
Message: Malformed JSON in request body
Stack: Error: Malformed JSON in request body
    at <anonymous> (/Users/fajar/Nusanet/kawan-nusa-be/node_modules/hono/dist/validator/validator.js:21:21)
    at async dispatch (/Users/fajar/Nusanet/kawan-nusa-be/node_modules/hono/dist/compose.js:22:23)
    at async cors2 (/Users/fajar/Nusanet/kawan-nusa-be/node_modules/hono/dist/middleware/cors/index.js:79:11)
    at async dispatch (/Users/fajar/Nusanet/kawan-nusa-be/node_modules/hono/dist/compose.js:22:23)
    at async <anonymous> (/Users/fajar/Nusanet/kawan-nusa-be/src/core/middlewares/logger.middleware.ts:18:11)
    at async dispatch (/Users/fajar/Nusanet/kawan-nusa-be/node_modules/hono/dist/compose.js:22:23)
    at async <anonymous> (/Users/fajar/Nusanet/kawan-nusa-be/node_modules/hono/dist/hono-base.js:301:31)
    at async request (/Users/fajar/Nusanet/kawan-nusa-be/tests/helpers/test-client.ts:26:27)
    at processTicksAndRejections (native:7:39)
---
[2026-07-02T09:24:36.221Z]
POST /api/auth/reset-password
Message: Malformed JSON in request body
Stack: Error: Malformed JSON in request body
    at <anonymous> (/Users/fajar/Nusanet/kawan-nusa-be/node_modules/hono/dist/validator/validator.js:21:21)
    at async dispatch (/Users/fajar/Nusanet/kawan-nusa-be/node_modules/hono/dist/compose.js:22:23)
    at async cors2 (/Users/fajar/Nusanet/kawan-nusa-be/node_modules/hono/dist/middleware/cors/index.js:79:11)
    at async dispatch (/Users/fajar/Nusanet/kawan-nusa-be/node_modules/hono/dist/compose.js:22:23)
    at async <anonymous> (/Users/fajar/Nusanet/kawan-nusa-be/src/core/middlewares/logger.middleware.ts:18:11)
    at async dispatch (/Users/fajar/Nusanet/kawan-nusa-be/node_modules/hono/dist/compose.js:22:23)
    at async <anonymous> (/Users/fajar/Nusanet/kawan-nusa-be/node_modules/hono/dist/hono-base.js:301:31)
    at async request (/Users/fajar/Nusanet/kawan-nusa-be/tests/helpers/test-client.ts:26:27)
    at processTicksAndRejections (native:7:39)
---
[2026-07-02T15:07:03.469Z]
POST /api/auth/reset-password
Message: Malformed JSON in request body
Stack: Error: Malformed JSON in request body
    at <anonymous> (/Users/fajar/Nusanet/kawan-nusa-be/node_modules/hono/dist/validator/validator.js:21:21)
    at async dispatch (/Users/fajar/Nusanet/kawan-nusa-be/node_modules/hono/dist/compose.js:22:23)
    at async cors2 (/Users/fajar/Nusanet/kawan-nusa-be/node_modules/hono/dist/middleware/cors/index.js:79:11)
    at async dispatch (/Users/fajar/Nusanet/kawan-nusa-be/node_modules/hono/dist/compose.js:22:23)
    at async <anonymous> (/Users/fajar/Nusanet/kawan-nusa-be/src/core/middlewares/logger.middleware.ts:18:11)
    at async dispatch (/Users/fajar/Nusanet/kawan-nusa-be/node_modules/hono/dist/compose.js:22:23)
    at async <anonymous> (/Users/fajar/Nusanet/kawan-nusa-be/node_modules/hono/dist/hono-base.js:301:31)
    at async request (/Users/fajar/Nusanet/kawan-nusa-be/tests/helpers/test-client.ts:26:27)
    at processTicksAndRejections (native:7:39)
---
[2026-07-02T15:46:38.981Z]
POST /api/auth/reset-password
Message: Malformed JSON in request body
Stack: Error: Malformed JSON in request body
    at <anonymous> (/Users/fajar/Nusanet/kawan-nusa-be/node_modules/hono/dist/validator/validator.js:21:21)
    at async dispatch (/Users/fajar/Nusanet/kawan-nusa-be/node_modules/hono/dist/compose.js:22:23)
    at async cors2 (/Users/fajar/Nusanet/kawan-nusa-be/node_modules/hono/dist/middleware/cors/index.js:79:11)
    at async dispatch (/Users/fajar/Nusanet/kawan-nusa-be/node_modules/hono/dist/compose.js:22:23)
    at async <anonymous> (/Users/fajar/Nusanet/kawan-nusa-be/src/core/middlewares/logger.middleware.ts:18:11)
    at async dispatch (/Users/fajar/Nusanet/kawan-nusa-be/node_modules/hono/dist/compose.js:22:23)
    at async <anonymous> (/Users/fajar/Nusanet/kawan-nusa-be/node_modules/hono/dist/hono-base.js:301:31)
    at async request (/Users/fajar/Nusanet/kawan-nusa-be/tests/helpers/test-client.ts:26:27)
    at processTicksAndRejections (native:7:39)
---
